<?xml version="1.0" encoding="UTF-8"?>
<testng-results skipped="0" failed="0" total="1" passed="1">
  <reporter-output>
  </reporter-output>
  <suite name="Default suite" duration-ms="3908" started-at="2020-08-06T19:26:11Z" finished-at="2020-08-06T19:26:15Z">
    <groups>
    </groups>
    <test name="Default test" duration-ms="3908" started-at="2020-08-06T19:26:11Z" finished-at="2020-08-06T19:26:15Z">
      <class name="com.qa.test.POSTTestAPI">
        <test-method status="PASS" signature="setUp()[pri:0, instance:com.qa.test.POSTTestAPI@7ac7a4e4]" name="setUp" is-config="true" duration-ms="18" started-at="2020-08-07T00:56:11Z" finished-at="2020-08-07T00:56:11Z">
          <reporter-output>
          </reporter-output>
        </test-method> <!-- setUp -->
        <test-method status="PASS" signature="postTest()[pri:0, instance:com.qa.test.POSTTestAPI@7ac7a4e4]" name="postTest" duration-ms="3839" started-at="2020-08-07T00:56:11Z" finished-at="2020-08-07T00:56:15Z">
          <reporter-output>
          </reporter-output>
        </test-method> <!-- postTest -->
      </class> <!-- com.qa.test.POSTTestAPI -->
    </test> <!-- Default test -->
  </suite> <!-- Default suite -->
</testng-results>
